<?xml version="1.0" encoding="UTF-8"?>
<!-- Generated by org.testng.reporters.JUnitReportReporter -->
<testsuite hostname="LAPTOP-4NIOJNBR" failures="0" tests="9" name="testngflags.PriorityTestNG" time="0.027" errors="0" timestamp="2022-06-06T12:43:49 IST" skipped="0">
  <testcase classname="testngflags.PriorityTestNG" name="g" time="0.001"/>
  <system-out>
    <![CDATA[g]]>
  </system-out>
  <testcase classname="testngflags.PriorityTestNG" name="a" time="0.016"/>
  <system-out>
    <![CDATA[a]]>
  </system-out>
  <testcase classname="testngflags.PriorityTestNG" name="k" time="0.001"/>
  <system-out>
    <![CDATA[k]]>
  </system-out>
  <testcase classname="testngflags.PriorityTestNG" name="l" time="0.002"/>
  <system-out>
    <![CDATA[l]]>
  </system-out>
  <testcase classname="testngflags.PriorityTestNG" name="b" time="0.002"/>
  <system-out>
    <![CDATA[b]]>
  </system-out>
  <testcase classname="testngflags.PriorityTestNG" name="h" time="0.001"/>
  <system-out>
    <![CDATA[h]]>
  </system-out>
  <testcase classname="testngflags.PriorityTestNG" name="p" time="0.002"/>
  <system-out>
    <![CDATA[p]]>
  </system-out>
  <testcase classname="testngflags.PriorityTestNG" name="z" time="0.001"/>
  <system-out>
    <![CDATA[z]]>
  </system-out>
  <testcase classname="testngflags.PriorityTestNG" name="m" time="0.001"/>
  <system-out>
    <![CDATA[m]]>
  </system-out>
</testsuite> <!-- testngflags.PriorityTestNG -->
