<?xml version="1.0" encoding="UTF-8"?>
<!-- Generated by org.testng.reporters.JUnitReportReporter -->
<testsuite hostname="LAPTOP-4NIOJNBR" failures="0" tests="2" name="testngflags.AssignmentActiTimeLoginTest" time="16.666" errors="0" timestamp="2022-06-06T13:50:27 IST" skipped="0">
  <testcase classname="testngflags.AssignmentActiTimeLoginTest" name="LaunchBrowser" time="7.320"/>
  <system-out/>
  <testcase classname="testngflags.AssignmentActiTimeLoginTest" name="LaunchBrowser" time="9.346"/>
  <system-out/>
</testsuite> <!-- testngflags.AssignmentActiTimeLoginTest -->
