<?xml version="1.0" encoding="UTF-8"?>
<!-- Generated by org.testng.reporters.JUnitReportReporter -->
<testsuite hostname="LAPTOP-4NIOJNBR" failures="0" tests="18" name="testngflags.GrousFlag" time="0.045" errors="0" timestamp="2022-06-06T08:57:29 IST" skipped="0">
  <testcase classname="testngflags.GrousFlag" name="f1" time="0.014"/>
  <system-out>
    <![CDATA[f1]]>
  </system-out>
  <testcase classname="testngflags.GrousFlag" name="f6" time="0.001"/>
  <system-out>
    <![CDATA[f6]]>
  </system-out>
  <testcase classname="testngflags.GrousFlag" name="i2" time="0.005"/>
  <system-out>
    <![CDATA[i2]]>
  </system-out>
  <testcase classname="testngflags.GrousFlag" name="f4" time="0.001"/>
  <system-out>
    <![CDATA[f4]]>
  </system-out>
  <testcase classname="testngflags.GrousFlag" name="s4" time="0.003"/>
  <system-out>
    <![CDATA[s4]]>
  </system-out>
  <testcase classname="testngflags.GrousFlag" name="i1" time="0.006"/>
  <system-out>
    <![CDATA[i1]]>
  </system-out>
  <testcase classname="testngflags.GrousFlag" name="i5" time="0.001"/>
  <system-out>
    <![CDATA[i5]]>
  </system-out>
  <testcase classname="testngflags.GrousFlag" name="i4" time="0.001"/>
  <system-out>
    <![CDATA[i4]]>
  </system-out>
  <testcase classname="testngflags.GrousFlag" name="f5" time="0.003"/>
  <system-out>
    <![CDATA[f5]]>
  </system-out>
  <testcase classname="testngflags.GrousFlag" name="s6" time="0.001"/>
  <system-out>
    <![CDATA[s6]]>
  </system-out>
  <testcase classname="testngflags.GrousFlag" name="i6" time="0.001"/>
  <system-out>
    <![CDATA[i6]]>
  </system-out>
  <testcase classname="testngflags.GrousFlag" name="f3" time="0.001"/>
  <system-out>
    <![CDATA[f3]]>
  </system-out>
  <testcase classname="testngflags.GrousFlag" name="s2" time="0.000"/>
  <system-out>
    <![CDATA[s2]]>
  </system-out>
  <testcase classname="testngflags.GrousFlag" name="s1" time="0.001"/>
  <system-out>
    <![CDATA[s1]]>
  </system-out>
  <testcase classname="testngflags.GrousFlag" name="s5" time="0.003"/>
  <system-out>
    <![CDATA[s5]]>
  </system-out>
  <testcase classname="testngflags.GrousFlag" name="i3" time="0.001"/>
  <system-out>
    <![CDATA[i3]]>
  </system-out>
  <testcase classname="testngflags.GrousFlag" name="f2" time="0.002"/>
  <system-out>
    <![CDATA[f2]]>
  </system-out>
  <testcase classname="testngflags.GrousFlag" name="s3" time="0.000"/>
  <system-out>
    <![CDATA[s3]]>
  </system-out>
</testsuite> <!-- testngflags.GrousFlag -->
