<?xml version="1.0" encoding="UTF-8"?>
<!-- Generated by org.testng.reporters.JUnitReportReporter -->
<testsuite hostname="LAPTOP-4NIOJNBR" failures="0" tests="12" name="testngflags.GroupsFlag" time="0.023" errors="0" timestamp="2022-06-06T09:20:26 IST" skipped="0">
  <testcase classname="testngflags.GroupsFlag" name="f2" time="0.002"/>
  <system-out>
    <![CDATA[f2]]>
  </system-out>
  <testcase classname="testngflags.GroupsFlag" name="f6" time="0.000"/>
  <system-out>
    <![CDATA[f6]]>
  </system-out>
  <testcase classname="testngflags.GroupsFlag" name="f1" time="0.010"/>
  <system-out>
    <![CDATA[f1]]>
  </system-out>
  <testcase classname="testngflags.GroupsFlag" name="i2" time="0.001"/>
  <system-out>
    <![CDATA[i2]]>
  </system-out>
  <testcase classname="testngflags.GroupsFlag" name="i3" time="0.002"/>
  <system-out>
    <![CDATA[i3]]>
  </system-out>
  <testcase classname="testngflags.GroupsFlag" name="i4" time="0.001"/>
  <system-out>
    <![CDATA[i4]]>
  </system-out>
  <testcase classname="testngflags.GroupsFlag" name="i6" time="0.001"/>
  <system-out>
    <![CDATA[i6]]>
  </system-out>
  <testcase classname="testngflags.GroupsFlag" name="f5" time="0.001"/>
  <system-out>
    <![CDATA[f5]]>
  </system-out>
  <testcase classname="testngflags.GroupsFlag" name="i5" time="0.001"/>
  <system-out>
    <![CDATA[i5]]>
  </system-out>
  <testcase classname="testngflags.GroupsFlag" name="i1" time="0.001"/>
  <system-out>
    <![CDATA[i1]]>
  </system-out>
  <testcase classname="testngflags.GroupsFlag" name="f3" time="0.001"/>
  <system-out>
    <![CDATA[f3]]>
  </system-out>
  <testcase classname="testngflags.GroupsFlag" name="f4" time="0.002"/>
  <system-out>
    <![CDATA[f4]]>
  </system-out>
</testsuite> <!-- testngflags.GroupsFlag -->
