<?xml version="1.0" encoding="UTF-8"?>
<!-- Generated by org.testng.reporters.JUnitReportReporter -->
<testsuite hostname="LAPTOP-4NIOJNBR" failures="0" tests="5" name="testngpack.Demo" time="0.022" errors="0" timestamp="2022-06-04T08:41:01 IST" skipped="0">
  <testcase classname="testngpack.Demo" name="a" time="0.003"/>
  <system-out>
    <![CDATA[method1 executed]]>
  </system-out>
  <testcase classname="testngpack.Demo" name="method3" time="0.003"/>
  <system-out>
    <![CDATA[method3 executed]]>
  </system-out>
  <testcase classname="testngpack.Demo" name="b" time="0.006"/>
  <system-out>
    <![CDATA[method2 executed]]>
  </system-out>
  <testcase classname="testngpack.Demo" name="method4" time="0.008"/>
  <system-out>
    <![CDATA[method4 executed]]>
  </system-out>
  <testcase classname="testngpack.Demo" name="method5" time="0.002"/>
  <system-out>
    <![CDATA[method5 executed]]>
  </system-out>
</testsuite> <!-- testngpack.Demo -->
