<?xml version="1.0" encoding="UTF-8"?>
<!-- Generated by org.testng.reporters.JUnitReportReporter -->
<testsuite hostname="LAPTOP-4NIOJNBR" failures="0" tests="1" name="testngflags.ganesh" time="5.614" errors="0" timestamp="2022-06-06T13:05:56 IST" skipped="0">
  <testcase classname="testngflags.ganesh" name="OpenBrowser" time="5.614"/>
  <system-out/>
</testsuite> <!-- testngflags.ganesh -->
