<?xml version="1.0" encoding="UTF-8"?>
<!-- Generated by org.testng.reporters.JUnitReportReporter -->
<testsuite hostname="LAPTOP-4NIOJNBR" failures="0" tests="1" name="testngpack.Remo" time="0.003" errors="0" timestamp="2022-06-04T08:41:01 IST" skipped="0">
  <testcase classname="testngpack.Remo" name="a" time="0.003"/>
  <system-out>
    <![CDATA[Remo class method]]>
  </system-out>
</testsuite> <!-- testngpack.Remo -->
