<?xml version="1.0" encoding="UTF-8"?>
<!-- Generated by org.testng.reporters.JUnitReportReporter -->
<testsuite hostname="LAPTOP-4NIOJNBR" failures="0" tests="2" name="testngflags.ReadDataFromXml" time="14.482" errors="0" timestamp="2022-06-06T13:12:09 IST" skipped="0">
  <testcase classname="testngflags.ReadDataFromXml" name="OpenBrowser" time="8.551"/>
  <system-out/>
  <testcase classname="testngflags.ReadDataFromXml" name="OpenBrowser" time="5.931"/>
  <system-out/>
</testsuite> <!-- testngflags.ReadDataFromXml -->
